     Input file > Reading  128 bands at    151 k-points
Range:  -32.2070   25.4200eV  Emin, Emax > high-symmetry point:  0.0000 0.0000 0.0000   x coordinate   0.0000
high-symmetry point:  0.5000 0.0000 0.0000   x coordinate   0.5000
high-symmetry point:  0.5000 0.5000 0.0000   x coordinate   1.0000
high-symmetry point:  0.0000 0.5000 0.0000   x coordinate   1.5000
high-symmetry point:  0.0000 0.0000 0.0000   x coordinate   2.0000
high-symmetry point:  0.0000 0.0000 0.5000   x coordinate   2.5000
high-symmetry point:  0.5000 0.0000 0.5000   x coordinate   3.0000
high-symmetry point:  0.5000 0.5000 0.5000   x coordinate   3.5000
high-symmetry point:  0.0000 0.5000 0.5000   x coordinate   4.0000
high-symmetry point:  0.0000 0.0000 0.5000   x coordinate   4.5000
high-symmetry point:  0.0000 0.5000 0.0000   x coordinate   5.2071
high-symmetry point:  0.0000 0.5000 0.5000   x coordinate   5.7071
high-symmetry point:  0.5000 0.0000 0.5000   x coordinate   6.4142
high-symmetry point:  0.5000 0.0000 0.0000   x coordinate   6.9142
high-symmetry point:  0.5000 0.5000 0.0000   x coordinate   7.4142
high-symmetry point:  0.5000 0.5000 0.5000   x coordinate   7.9142
output file (gnuplot/xmgr) > bands in gnuplot/xmgr format written to file bands.xmgr                                                                                                                                                                                                                                                      
output file (ps) > Efermi > deltaE, reference E (for tics) bands in PostScript format written to file bands.ps                                                                                                                                                                                                                                                        
     Input file >      Input file >      Input file >      Input file >      Input file >      Input file >      Input file >      Input file >      Input file >      Input file >      Input file >      Input file >      Input file >      Input file >      Input file >      Input file >      Input file >      Input file > 